<?xml version="1.0" encoding="UTF-8"?>
<!-- Generated by org.testng.reporters.JUnitXMLReporter -->
<testsuite ignored="0" hostname="bhargav" failures="0" tests="4" name="Default test" time="47.108" errors="0" timestamp="2026-09-08T14:44:59 IST">
  <testcase classname="tests.LoginTest" name="loginTest" time="18.217"/>
  <testcase classname="tests.LoginTest" name="loginWithWrongPassword" time="3.11"/>
  <testcase classname="tests.LoginTest" name="loginWithWrongUsername" time="0.891"/>
  <testcase classname="tests.LoginTest" name="loginWithWrongUsernameAndPassword" time="4.457"/>
</testsuite> <!-- Default test -->
