<?xml version="1.0" encoding="UTF-8"?>
<!-- Generated by org.testng.reporters.JUnitXMLReporter -->
<testsuite ignored="0" hostname="bhargav" failures="0" tests="13" name="Proton Mail Tests" time="142.618" errors="0" timestamp="2026-09-08T17:13:11 IST">
  <testcase classname="tests.LoginTest" name="loginTest" time="12.769"/>
  <testcase classname="tests.LoginTest" name="loginWithWrongPassword" time="3.014"/>
  <testcase classname="tests.LoginTest" name="loginWithWrongUsername" time="1.415"/>
  <testcase classname="tests.LoginTest" name="loginWithWrongUsernameAndPassword" time="1.306"/>
  <testcase classname="tests.InboxTest" name="openNewMessage" time="12.107"/>
  <testcase classname="tests.RecipientTest" name="verifyInvalidRecipient" time="13.529"/>
  <testcase classname="tests.RecipientTest" name="verifyRecipient" time="0.477"/>
  <testcase classname="tests.SubjectTest" name="verifySubject" time="12.407"/>
  <testcase classname="tests.SubjectTest" name="verifySubjectValidation" time="2.501"/>
  <testcase classname="tests.BodyTest" name="verifyBody" time="12.219"/>
  <testcase classname="tests.BodyTest" name="verifyBodyValidation" time="0.799"/>
  <testcase classname="tests.SendEmailTest" name="sendEmail" time="15.634"/>
  <testcase classname="tests.SendEmailTest" name="sendEmailWithoutRecipient" time="0.898"/>
</testsuite> <!-- Proton Mail Tests -->
