<?xml version="1.0" encoding="UTF-8"?>
<!-- Generated by org.testng.reporters.JUnitReportReporter -->
<testsuite hostname="bhargav" failures="0" tests="4" name="tests.LoginTest" time="37.248" errors="0" timestamp="2026-09-08T17:13:11 IST" skipped="0">
  <testcase classname="tests.LoginTest" name="loginTest" time="18.143"/>
  <testcase classname="tests.LoginTest" name="loginWithWrongPassword" time="8.402"/>
  <testcase classname="tests.LoginTest" name="loginWithWrongUsernameAndPassword" time="5.084"/>
  <testcase classname="tests.LoginTest" name="loginWithWrongUsername" time="5.619"/>
</testsuite> <!-- tests.LoginTest -->
